[2023-09-06 18:00:59] [ ERROR] [CategoriaService:84] No se puede eliminar la categoria con id: 129
[2023-09-06 18:01:17] [ INFO ] [CategoriaService:82] Se elimino correctamente la categoria con id: 30
[2023-09-06 18:05:45] [ INFO ] [CategoriaService:82] Se elimino correctamente la categoria con id: 31
[2023-09-06 18:09:12] [ INFO ] [CategoriaService:82] Se elimino correctamente la categoria con id: 32
[2023-09-06 18:15:20] [ INFO ] [CategoriaService:82] Se elimino correctamente la categoria con id: 33
[2023-09-06 19:21:01] [ INFO ] [CategoriaService:82] Se elimino correctamente la categoria con id: 34
[2023-09-06 19:24:14] [ INFO ] [CategoriaService:82] Se elimino correctamente la categoria con id: 35
[2023-09-06 20:03:12] [ ERROR] [CaracteristicaService:47] No se puede eliminar la característica con id: 40
[2023-09-06 20:03:27] [ INFO ] [CaracteristicaService:45] Se eliminó correctamente la característica con id: 60
[2023-09-06 23:00:34] [ INFO ] [CategoriaService:82] Se elimino correctamente la categoria con id: 41
[2023-09-15 16:53:32] [ INFO ] [CategoriaService:67] Se actualizó la característica con ID: 39
[2023-09-15 17:45:32] [ INFO ] [CategoriaService:67] Se actualizó la característica con ID: 39
[2023-09-15 18:19:21] [ INFO ] [CategoriaService:68] Se actualizó la categoría con ID: 39
[2023-09-15 18:19:51] [ INFO ] [CategoriaService:68] Se actualizó la categoría con ID: 39
[2023-09-15 18:24:37] [ INFO ] [CategoriaService:71] Se actualizó la categoría con ID: 39
[2023-09-15 18:42:42] [ INFO ] [CaracteristicaService:67] Se actualizó la característica con ID: 63
[2023-09-15 18:45:21] [ INFO ] [CaracteristicaService:67] Se actualizó la característica con ID: 63
[2023-09-15 18:55:04] [ INFO ] [CaracteristicaService:77] Se actualizó la politica con ID: 12
[2023-09-15 18:55:51] [ INFO ] [CaracteristicaService:73] Se actualizó la política con ID: 12
[2023-09-15 18:56:55] [ INFO ] [CaracteristicaService:73] Se actualizó la política con ID: 12
[2023-09-15 18:58:56] [ INFO ] [CategoriaService:71] Se actualizó la categoría con ID: 39
[2023-09-18 22:46:04] [ INFO ] [AventuraService:171] Se elimino correctamente una aventura con id: 160
[2023-09-18 22:46:17] [ INFO ] [AventuraService:171] Se elimino correctamente una aventura con id: 161
